[debug] [2020-08-14T13:42:45.721Z] ----------------------------------------------------------------------
[debug] [2020-08-14T13:42:45.723Z] Command:       C:\Program Files\nodejs\node.exe C:\Users\asus\AppData\Roaming\npm\node_modules\firebase-tools\lib\bin\firebase.js use --add
[debug] [2020-08-14T13:42:45.723Z] CLI Version:   8.7.0
[debug] [2020-08-14T13:42:45.723Z] Platform:      win32
[debug] [2020-08-14T13:42:45.723Z] Node Version:  v12.15.0
[debug] [2020-08-14T13:42:45.724Z] Time:          Fri Aug 14 2020 16:42:45 GMT+0300 (Eastern European Summer Time)
[debug] [2020-08-14T13:42:45.724Z] ----------------------------------------------------------------------
[debug] [2020-08-14T13:42:45.724Z] 
[debug] [2020-08-14T13:42:45.732Z] > command requires scopes: ["email","openid","https://www.googleapis.com/auth/cloudplatformprojects.readonly","https://www.googleapis.com/auth/firebase","https://www.googleapis.com/auth/cloud-platform"]
[debug] [2020-08-14T13:42:45.732Z] > authorizing via signed-in user
[debug] [2020-08-14T13:42:45.735Z] >>> HTTP REQUEST GET https://firebase.googleapis.com/v1beta1/projects?pageSize=1000  
 
[debug] [2020-08-14T13:42:46.027Z] <<< HTTP RESPONSE 403 {"content-type":"text/html; charset=UTF-8","referrer-policy":"no-referrer","content-length":"1595","date":"Fri, 14 Aug 2020 13:42:43 GMT","alt-svc":"h3-29=\":443\"; ma=2592000,h3-27=\":443\"; ma=2592000,h3-T050=\":443\"; ma=2592000,h3-Q050=\":443\"; ma=2592000,h3-Q046=\":443\"; ma=2592000,h3-Q043=\":443\"; ma=2592000,quic=\":443\"; ma=2592000; v=\"46,43\""}
[debug] [2020-08-14T13:42:46.027Z] <<< HTTP RESPONSE BODY <!DOCTYPE html>
<html lang=en>
  <meta charset=utf-8>
  <meta name=viewport content="initial-scale=1, minimum-scale=1, width=device-width">
  <title>Error 403 (Forbidden)!!1</title>
  <style>
    *{margin:0;padding:0}html,code{font:15px/22px arial,sans-serif}html{background:#fff;color:#222;padding:15px}body{margin:7% auto 0;max-width:390px;min-height:180px;padding:30px 0 15px}* > body{background:url(//www.google.com/images/errors/robot.png) 100% 5px no-repeat;padding-right:205px}p{margin:11px 0 22px;overflow:hidden}ins{color:#777;text-decoration:none}a img{border:0}@media screen and (max-width:772px){body{background:none;margin-top:0;max-width:none;padding-right:0}}#logo{background:url(//www.google.com/images/branding/googlelogo/1x/googlelogo_color_150x54dp.png) no-repeat;margin-left:-5px}@media only screen and (min-resolution:192dpi){#logo{background:url(//www.google.com/images/branding/googlelogo/2x/googlelogo_color_150x54dp.png) no-repeat 0% 0%/100% 100%;-moz-border-image:url(//www.google.com/images/branding/googlelogo/2x/googlelogo_color_150x54dp.png) 0}}@media only screen and (-webkit-min-device-pixel-ratio:2){#logo{background:url(//www.google.com/images/branding/googlelogo/2x/googlelogo_color_150x54dp.png) no-repeat;-webkit-background-size:100% 100%}}#logo{display:inline-block;height:54px;width:150px}
  </style>
  <a href=//www.google.com/><span id=logo aria-label=Google></span></a>
  <p><b>403.</b> <ins>That’s an error.</ins>
  <p>Your client does not have permission to get URL <code>/v1beta1/projects</code> from this server.  <ins>That’s all we know.</ins>

[debug] [2020-08-14T13:42:46.028Z] HTTP Error: 403, Unknown Error
[debug] [2020-08-14T13:42:46.029Z] FirebaseError: HTTP Error: 403, Unknown Error
    at module.exports (C:\Users\asus\AppData\Roaming\npm\node_modules\firebase-tools\lib\responseToError.js:38:12)
    at Request._callback (C:\Users\asus\AppData\Roaming\npm\node_modules\firebase-tools\lib\api.js:41:35)
    at Request.self.callback (C:\Users\asus\AppData\Roaming\npm\node_modules\firebase-tools\node_modules\request\request.js:185:22)
    at Request.emit (events.js:223:5)
    at Request.EventEmitter.emit (domain.js:475:20)
    at Request.<anonymous> (C:\Users\asus\AppData\Roaming\npm\node_modules\firebase-tools\node_modules\request\request.js:1154:10)
    at Request.emit (events.js:223:5)
    at Request.EventEmitter.emit (domain.js:475:20)
    at IncomingMessage.<anonymous> (C:\Users\asus\AppData\Roaming\npm\node_modules\firebase-tools\node_modules\request\request.js:1076:12)
    at Object.onceWrapper (events.js:312:28)
    at IncomingMessage.emit (events.js:228:7)
    at IncomingMessage.EventEmitter.emit (domain.js:475:20)
    at endReadableNT (_stream_readable.js:1185:12)
    at processTicksAndRejections (internal/process/task_queues.js:81:21)
[error] 
[error] Error: Failed to list Firebase projects. See firebase-debug.log for more info.
